

Version:	3.14
CmdLine:	C:\Users\RexLupie\IdeaProjects\Client\VKboard\out\artifacts\VKboard_jar\VKboard.exe --l4j-debug
WOW64:		yes
Working dir:	C:\Users\RexLupie\IdeaProjects\Client\VKboard\out\artifacts\VKboard_jar\.
Java min ver:	1.006.000_000
Java max ver:	
64-bit search:	SOFTWARE\JavaSoft\Java Runtime Environment...
Check:		SOFTWARE\JavaSoft\Java Runtime Environment\1.8
Check launcher:	C:\Program Files\Java\jre1.8.0_333\bin\javaw.exe (OK)
Match:		1.008.000
Check:		SOFTWARE\JavaSoft\Java Runtime Environment\1.8.0_333
Check launcher:	C:\Program Files\Java\jre1.8.0_333\bin\javaw.exe (OK)
Match:		1.008.000_333
64-bit search:	SOFTWARE\JavaSoft\Java Development Kit...
64-bit search:	SOFTWARE\JavaSoft\JRE...
64-bit search:	SOFTWARE\JavaSoft\JDK...
Check:		SOFTWARE\JavaSoft\JDK\14.0.1
Check launcher:	C:\Program Files\Java\jdk-14.0.1\bin\javaw.exe (not found)
Ignore:		1.014.000_001
Runtime used:	1.008.000_333 (64-bit)
Launcher:	C:\Program Files\Java\jre1.8.0_333\bin\javaw.exe
Launcher args:	-jar "C:\Users\RexLupie\IdeaProjects\Client\VKboard\out\artifacts\VKboard_jar\VKboard.exe"
Args length:	90/32768 chars
Exit code:	0


Version:	3.14
CmdLine:	C:\Users\RexLupie\IdeaProjects\Client\VKboard\out\artifacts\VKboard_jar\VKboard.exe --l4j-debug
WOW64:		yes
Working dir:	C:\Users\RexLupie\IdeaProjects\Client\VKboard\out\artifacts\VKboard_jar\.
Java min ver:	1.016.000_000
Java max ver:	
64-bit search:	SOFTWARE\JavaSoft\Java Runtime Environment...
Check:		SOFTWARE\JavaSoft\Java Runtime Environment\1.8
Ignore:		1.008.000
Check:		SOFTWARE\JavaSoft\Java Runtime Environment\1.8.0_333
Ignore:		1.008.000_333
32-bit search:	SOFTWARE\JavaSoft\Java Runtime Environment...
Check:		SOFTWARE\JavaSoft\Java Runtime Environment\1.6
Ignore:		1.006.000
Check:		SOFTWARE\JavaSoft\Java Runtime Environment\1.6.0_02
Ignore:		1.006.000_002
64-bit search:	SOFTWARE\JavaSoft\Java Development Kit...
32-bit search:	SOFTWARE\JavaSoft\Java Development Kit...
64-bit search:	SOFTWARE\JavaSoft\JRE...
32-bit search:	SOFTWARE\JavaSoft\JRE...
64-bit search:	SOFTWARE\JavaSoft\JDK...
Check:		SOFTWARE\JavaSoft\JDK\14.0.1
Ignore:		1.014.000_001
32-bit search:	SOFTWARE\JavaSoft\JDK...
64-bit search:	SOFTWARE\IBM\Java Runtime Environment...
32-bit search:	SOFTWARE\IBM\Java Runtime Environment...
64-bit search:	SOFTWARE\IBM\Java Development Kit...
32-bit search:	SOFTWARE\IBM\Java Development Kit...
64-bit search:	SOFTWARE\IBM\Java2 Runtime Environment...
32-bit search:	SOFTWARE\IBM\Java2 Runtime Environment...
64-bit search:	SOFTWARE\IBM\Java Development Kit...
32-bit search:	SOFTWARE\IBM\Java Development Kit...
Error msg:	This application requires a Java Runtime Environment 16.0.0
Open URL:	http://java.com/download


Version:	3.14
CmdLine:	C:\Users\RexLupie\IdeaProjects\Client\VKboard\out\artifacts\VKboard_jar\VKboard.exe --l4j-debug
WOW64:		yes
Working dir:	C:\Users\RexLupie\IdeaProjects\Client\VKboard\out\artifacts\VKboard_jar\.
Java min ver:	1.014.000_000
Java max ver:	
64-bit search:	SOFTWARE\JavaSoft\Java Runtime Environment...
Check:		SOFTWARE\JavaSoft\Java Runtime Environment\1.8
Ignore:		1.008.000
Check:		SOFTWARE\JavaSoft\Java Runtime Environment\1.8.0_333
Ignore:		1.008.000_333
32-bit search:	SOFTWARE\JavaSoft\Java Runtime Environment...
Check:		SOFTWARE\JavaSoft\Java Runtime Environment\1.6
Ignore:		1.006.000
Check:		SOFTWARE\JavaSoft\Java Runtime Environment\1.6.0_02
Ignore:		1.006.000_002
64-bit search:	SOFTWARE\JavaSoft\Java Development Kit...
32-bit search:	SOFTWARE\JavaSoft\Java Development Kit...
64-bit search:	SOFTWARE\JavaSoft\JRE...
32-bit search:	SOFTWARE\JavaSoft\JRE...
64-bit search:	SOFTWARE\JavaSoft\JDK...
Check:		SOFTWARE\JavaSoft\JDK\14.0.1
Check launcher:	C:\Program Files\Java\jdk-14.0.1\bin\javaw.exe (not found)
Ignore:		1.014.000_001
32-bit search:	SOFTWARE\JavaSoft\JDK...
64-bit search:	SOFTWARE\IBM\Java Runtime Environment...
32-bit search:	SOFTWARE\IBM\Java Runtime Environment...
64-bit search:	SOFTWARE\IBM\Java Development Kit...
32-bit search:	SOFTWARE\IBM\Java Development Kit...
64-bit search:	SOFTWARE\IBM\Java2 Runtime Environment...
32-bit search:	SOFTWARE\IBM\Java2 Runtime Environment...
64-bit search:	SOFTWARE\IBM\Java Development Kit...
32-bit search:	SOFTWARE\IBM\Java Development Kit...
Error msg:	This application requires a Java Runtime Environment 14.0.0
The registry refers to a nonexistent Java Runtime Environment installation or the runtime is corrupted.
Open URL:	http://java.com/download


Version:	3.14
CmdLine:	C:\Users\RexLupie\IdeaProjects\Client\VKboard\out\artifacts\VKboard_jar\VKboard.exe --l4j-debug
WOW64:		yes
Working dir:	C:\Users\RexLupie\IdeaProjects\Client\VKboard\out\artifacts\VKboard_jar\.
Java min ver:	1.014.000_000
Java max ver:	
64-bit search:	SOFTWARE\JavaSoft\Java Runtime Environment...
32-bit search:	SOFTWARE\JavaSoft\Java Runtime Environment...
64-bit search:	SOFTWARE\JavaSoft\Java Development Kit...
32-bit search:	SOFTWARE\JavaSoft\Java Development Kit...
64-bit search:	SOFTWARE\JavaSoft\JRE...
32-bit search:	SOFTWARE\JavaSoft\JRE...
64-bit search:	SOFTWARE\JavaSoft\JDK...
Check:		SOFTWARE\JavaSoft\JDK\14.0.1
Check launcher:	C:\Program Files\Java\jdk-14.0.1\bin\javaw.exe (not found)
Ignore:		1.014.000_001
32-bit search:	SOFTWARE\JavaSoft\JDK...
64-bit search:	SOFTWARE\IBM\Java Runtime Environment...
32-bit search:	SOFTWARE\IBM\Java Runtime Environment...
64-bit search:	SOFTWARE\IBM\Java Development Kit...
32-bit search:	SOFTWARE\IBM\Java Development Kit...
64-bit search:	SOFTWARE\IBM\Java2 Runtime Environment...
32-bit search:	SOFTWARE\IBM\Java2 Runtime Environment...
64-bit search:	SOFTWARE\IBM\Java Development Kit...
32-bit search:	SOFTWARE\IBM\Java Development Kit...
Error msg:	This application requires a Java Runtime Environment 14.0.0
The registry refers to a nonexistent Java Runtime Environment installation or the runtime is corrupted.
Open URL:	http://java.com/download


Version:	3.14
CmdLine:	C:\Users\RexLupie\IdeaProjects\Client\VKboard\out\artifacts\VKboard_jar\VKboard.exe --l4j-debug
WOW64:		yes
Working dir:	C:\Users\RexLupie\IdeaProjects\Client\VKboard\out\artifacts\VKboard_jar\.
Java min ver:	1.014.000_000
Java max ver:	
64-bit search:	SOFTWARE\JavaSoft\Java Runtime Environment...
Check:		SOFTWARE\JavaSoft\Java Runtime Environment\1.8
Ignore:		1.008.000
Check:		SOFTWARE\JavaSoft\Java Runtime Environment\1.8.0_333
Ignore:		1.008.000_333
32-bit search:	SOFTWARE\JavaSoft\Java Runtime Environment...
64-bit search:	SOFTWARE\JavaSoft\Java Development Kit...
32-bit search:	SOFTWARE\JavaSoft\Java Development Kit...
64-bit search:	SOFTWARE\JavaSoft\JRE...
32-bit search:	SOFTWARE\JavaSoft\JRE...
64-bit search:	SOFTWARE\JavaSoft\JDK...
Check:		SOFTWARE\JavaSoft\JDK\14.0.1
Check launcher:	C:\Program Files\Java\jdk-14.0.1\bin\javaw.exe (not found)
Ignore:		1.014.000_001
32-bit search:	SOFTWARE\JavaSoft\JDK...
64-bit search:	SOFTWARE\IBM\Java Runtime Environment...
32-bit search:	SOFTWARE\IBM\Java Runtime Environment...
64-bit search:	SOFTWARE\IBM\Java Development Kit...
32-bit search:	SOFTWARE\IBM\Java Development Kit...
64-bit search:	SOFTWARE\IBM\Java2 Runtime Environment...
32-bit search:	SOFTWARE\IBM\Java2 Runtime Environment...
64-bit search:	SOFTWARE\IBM\Java Development Kit...
32-bit search:	SOFTWARE\IBM\Java Development Kit...
Error msg:	This application requires a Java Runtime Environment 14.0.0
The registry refers to a nonexistent Java Runtime Environment installation or the runtime is corrupted.
Open URL:	http://java.com/download


Version:	3.14
CmdLine:	C:\Users\RexLupie\IdeaProjects\Client\VKboard\out\artifacts\VKboard_jar\VKboard.exe --l4j-debug
WOW64:		yes
Working dir:	C:\Users\RexLupie\IdeaProjects\Client\VKboard\out\artifacts\VKboard_jar\.
Java min ver:	1.008.000
Java max ver:	
64-bit search:	SOFTWARE\JavaSoft\Java Runtime Environment...
Check:		SOFTWARE\JavaSoft\Java Runtime Environment\1.8
Check launcher:	C:\Program Files\Java\jre\bin\javaw.exe (OK)
Match:		1.008.000
Check:		SOFTWARE\JavaSoft\Java Runtime Environment\1.8.0_333
Check launcher:	C:\Program Files\Java\jre\bin\javaw.exe (OK)
Match:		1.008.000_333
64-bit search:	SOFTWARE\JavaSoft\Java Development Kit...
64-bit search:	SOFTWARE\JavaSoft\JRE...
64-bit search:	SOFTWARE\JavaSoft\JDK...
Check:		SOFTWARE\JavaSoft\JDK\14.0.1
Check launcher:	C:\Program Files\Java\jdk-14.0.1\bin\javaw.exe (not found)
Ignore:		1.014.000_001
Runtime used:	1.008.000_333 (64-bit)
Launcher:	C:\Program Files\Java\jre\bin\javaw.exe
Launcher args:	-jar "C:\Users\RexLupie\IdeaProjects\Client\VKboard\out\artifacts\VKboard_jar\VKboard.exe"
Args length:	90/32768 chars
Exit code:	0


Version:	3.14
CmdLine:	C:\Users\RexLupie\IdeaProjects\Client\VKboard\out\artifacts\VKboard_jar\VKboard.exe --l4j-debug
WOW64:		yes
Working dir:	C:\Users\RexLupie\IdeaProjects\Client\VKboard\out\artifacts\VKboard_jar\.
Java min ver:	1.008.000
Java max ver:	
Bundled JRE(s):	C:\Program Files\Java\jre
Check launcher:	C:\Program Files\Java\jre\bin\javaw.exe (OK)
Launcher:	C:\Program Files\Java\jre\bin\javaw.exe
Launcher args:	-jar "C:\Users\RexLupie\IdeaProjects\Client\VKboard\out\artifacts\VKboard_jar\VKboard.exe"
Args length:	90/32768 chars
Exit code:	0


Version:	3.14
CmdLine:	C:\Users\RexLupie\IdeaProjects\Client\VKboard\out\artifacts\VKboard_jar\VKboard.exe --l4j-debug
WOW64:		yes
Working dir:	C:\Users\RexLupie\IdeaProjects\Client\VKboard\out\artifacts\VKboard_jar\.
Java min ver:	
Java max ver:	
Bundled JRE(s):	JRE
Check launcher:	C:\Users\RexLupie\IdeaProjects\Client\VKboard\out\artifacts\VKboard_jar\JRE\bin\javaw.exe (not found)
Error msg:	This application requires a Java Runtime Environment.


Version:	3.14
CmdLine:	C:\Users\RexLupie\IdeaProjects\Client\VKboard\out\artifacts\VKboard_jar\VKboard.exe --l4j-debug
WOW64:		yes
Working dir:	C:\Users\RexLupie\IdeaProjects\Client\VKboard\out\artifacts\VKboard_jar\.
Java min ver:	
Java max ver:	
Bundled JRE(s):	C:\Program Files\Java\jre
Check launcher:	C:\Program Files\Java\jre\bin\javaw.exe (OK)
Launcher:	C:\Program Files\Java\jre\bin\javaw.exe
Launcher args:	-jar "C:\Users\RexLupie\IdeaProjects\Client\VKboard\out\artifacts\VKboard_jar\VKboard.exe"
Args length:	90/32768 chars
Exit code:	0


Version:	3.14
CmdLine:	C:\Users\RexLupie\IdeaProjects\Client\VKboard\out\artifacts\VKboard_jar\VKboard.exe --l4j-debug
WOW64:		yes
Working dir:	C:\Users\RexLupie\IdeaProjects\Client\VKboard\out\artifacts\VKboard_jar\.
Java min ver:	
Java max ver:	
Bundled JRE(s):	C:\Users\RexLupie\.jdks\openjdk-14.0.1
Check launcher:	C:\Users\RexLupie\.jdks\openjdk-14.0.1\bin\javaw.exe (OK)
Launcher:	C:\Users\RexLupie\.jdks\openjdk-14.0.1\bin\javaw.exe
Launcher args:	-jar "C:\Users\RexLupie\IdeaProjects\Client\VKboard\out\artifacts\VKboard_jar\VKboard.exe"
Args length:	90/32768 chars
Exit code:	0
